2026-02-20 22:07:26,747 [Worker-4: Loading available Gradle versions] INFO  o.e.b.c.i.u.g.PublishedGradleVersions - Gradle version information cache is not available. Remote download required.
2026-02-20 22:08:02,481 [Worker-0: Updating Maven Dependencies] INFO  o.e.m.c.i.l.LifecycleMappingFactory - Using org.eclipse.m2e.jdt.JarLifecycleMapping lifecycle mapping for MavenProject: com:quantity-measurement:0.0.1-SNAPSHOT @ C:\Users\Dell\Desktop\QuantityMeasurementApp\quantity-measurement\pom.xml.
2026-02-20 22:08:02,481 [Worker-15: Building] INFO  o.e.m.c.i.l.LifecycleMappingFactory - Using org.eclipse.m2e.jdt.JarLifecycleMapping lifecycle mapping for MavenProject: com:quantity-measurement:0.0.1-SNAPSHOT @ C:\Users\Dell\Desktop\QuantityMeasurementApp\quantity-measurement\pom.xml.
2026-02-20 22:08:07,572 [Worker-15: Building] INFO  o.a.m.s.f.DefaultMavenResourcesFiltering - skip non existing resourceDirectory C:\Users\Dell\Desktop\QuantityMeasurementApp\quantity-measurement\src\main\resources
2026-02-20 22:08:07,578 [Worker-15: Building] INFO  o.a.m.s.f.DefaultMavenResourcesFiltering - skip non existing resourceDirectory C:\Users\Dell\Desktop\QuantityMeasurementApp\quantity-measurement\src\test\resources
2026-02-20 22:08:09,141 [Worker-23: Updating Maven Dependencies] INFO  o.e.m.c.i.l.LifecycleMappingFactory - Using org.eclipse.m2e.jdt.JarLifecycleMapping lifecycle mapping for MavenProject: com:quantity-measurement:0.0.1-SNAPSHOT @ C:\Users\Dell\Desktop\QuantityMeasurementApp\quantity-measurement\pom.xml.
2026-02-20 22:08:09,424 [Worker-3: Building] INFO  o.a.m.s.f.DefaultMavenResourcesFiltering - skip non existing resourceDirectory C:\Users\Dell\Desktop\QuantityMeasurementApp\quantity-measurement\src\main\resources
2026-02-20 22:08:09,432 [Worker-3: Building] INFO  o.a.m.s.f.DefaultMavenResourcesFiltering - skip non existing resourceDirectory C:\Users\Dell\Desktop\QuantityMeasurementApp\quantity-measurement\src\test\resources
2026-02-20 22:08:11,333 [Worker-25: Building] INFO  o.a.m.s.f.DefaultMavenResourcesFiltering - skip non existing resourceDirectory C:\Users\Dell\Desktop\QuantityMeasurementApp\quantity-measurement\src\main\resources
2026-02-20 22:08:11,337 [Worker-25: Building] INFO  o.a.m.s.f.DefaultMavenResourcesFiltering - skip non existing resourceDirectory C:\Users\Dell\Desktop\QuantityMeasurementApp\quantity-measurement\src\test\resources
2026-02-20 22:13:36,815 [Worker-6: Building] INFO  o.a.m.s.f.DefaultMavenResourcesFiltering - skip non existing resourceDirectory C:\Users\Dell\Desktop\QuantityMeasurementApp\quantity-measurement\src\main\resources
2026-02-20 22:13:36,823 [Worker-6: Building] INFO  o.a.m.s.f.DefaultMavenResourcesFiltering - skip non existing resourceDirectory C:\Users\Dell\Desktop\QuantityMeasurementApp\quantity-measurement\src\test\resources
2026-02-20 22:13:46,616 [Worker-17: Building] INFO  o.a.m.s.f.DefaultMavenResourcesFiltering - skip non existing resourceDirectory C:\Users\Dell\Desktop\QuantityMeasurementApp\quantity-measurement\src\main\resources
2026-02-20 22:13:46,620 [Worker-17: Building] INFO  o.a.m.s.f.DefaultMavenResourcesFiltering - skip non existing resourceDirectory C:\Users\Dell\Desktop\QuantityMeasurementApp\quantity-measurement\src\test\resources
2026-02-20 22:15:27,183 [Worker-6: Building] INFO  o.e.m.c.i.l.LifecycleMappingFactory - Using org.eclipse.m2e.jdt.JarLifecycleMapping lifecycle mapping for MavenProject: com:quantity-measurement:0.0.1-SNAPSHOT @ C:\Users\Dell\Desktop\QuantityMeasurementApp\quantity-measurement\pom.xml.
2026-02-20 22:15:27,401 [Worker-6: Building] INFO  o.a.m.s.f.DefaultMavenResourcesFiltering - skip non existing resourceDirectory C:\Users\Dell\Desktop\QuantityMeasurementApp\quantity-measurement\src\main\resources
2026-02-20 22:15:27,406 [Worker-6: Building] INFO  o.a.m.s.f.DefaultMavenResourcesFiltering - skip non existing resourceDirectory C:\Users\Dell\Desktop\QuantityMeasurementApp\quantity-measurement\src\test\resources
2026-02-20 22:15:29,277 [Worker-32: Building] INFO  o.a.m.s.f.DefaultMavenResourcesFiltering - skip non existing resourceDirectory C:\Users\Dell\Desktop\QuantityMeasurementApp\quantity-measurement\src\main\resources
2026-02-20 22:15:29,287 [Worker-32: Building] INFO  o.a.m.s.f.DefaultMavenResourcesFiltering - skip non existing resourceDirectory C:\Users\Dell\Desktop\QuantityMeasurementApp\quantity-measurement\src\test\resources
2026-02-20 22:16:05,956 [Worker-17: Building] INFO  o.e.m.c.i.l.LifecycleMappingFactory - Using org.eclipse.m2e.jdt.JarLifecycleMapping lifecycle mapping for MavenProject: com:quantity-measurement:0.0.1-SNAPSHOT @ C:\Users\Dell\Desktop\QuantityMeasurementApp\quantity-measurement\pom.xml.
2026-02-20 22:16:06,170 [Worker-17: Building] INFO  o.a.m.s.f.DefaultMavenResourcesFiltering - skip non existing resourceDirectory C:\Users\Dell\Desktop\QuantityMeasurementApp\quantity-measurement\src\main\resources
2026-02-20 22:16:06,180 [Worker-17: Building] INFO  o.a.m.s.f.DefaultMavenResourcesFiltering - skip non existing resourceDirectory C:\Users\Dell\Desktop\QuantityMeasurementApp\quantity-measurement\src\test\resources
2026-02-20 22:16:37,900 [Worker-27: Building] INFO  o.a.m.s.f.DefaultMavenResourcesFiltering - skip non existing resourceDirectory C:\Users\Dell\Desktop\QuantityMeasurementApp\quantity-measurement\src\main\resources
2026-02-20 22:16:37,906 [Worker-27: Building] INFO  o.a.m.s.f.DefaultMavenResourcesFiltering - skip non existing resourceDirectory C:\Users\Dell\Desktop\QuantityMeasurementApp\quantity-measurement\src\test\resources
2026-02-20 22:16:45,248 [main] INFO  o.e.m.jdt.internal.UnitTestSupport - Updating QuantityMeasurementAppTest from maven configuration
2026-02-20 22:30:28,579 [Worker-27: Building] INFO  o.a.m.s.f.DefaultMavenResourcesFiltering - skip non existing resourceDirectory C:\Users\Dell\Desktop\QuantityMeasurementApp\quantity-measurement\src\main\resources
2026-02-20 22:30:28,581 [Worker-27: Building] INFO  o.a.m.s.f.DefaultMavenResourcesFiltering - skip non existing resourceDirectory C:\Users\Dell\Desktop\QuantityMeasurementApp\quantity-measurement\src\test\resources
2026-02-20 22:32:19,985 [Worker-34: Building] INFO  o.a.m.s.f.DefaultMavenResourcesFiltering - skip non existing resourceDirectory C:\Users\Dell\Desktop\QuantityMeasurementApp\quantity-measurement\src\main\resources
2026-02-20 22:32:19,989 [Worker-34: Building] INFO  o.a.m.s.f.DefaultMavenResourcesFiltering - skip non existing resourceDirectory C:\Users\Dell\Desktop\QuantityMeasurementApp\quantity-measurement\src\test\resources
2026-02-20 22:33:11,224 [Worker-27: Building] INFO  o.a.m.s.f.DefaultMavenResourcesFiltering - skip non existing resourceDirectory C:\Users\Dell\Desktop\QuantityMeasurementApp\quantity-measurement\src\main\resources
2026-02-20 22:33:11,229 [Worker-27: Building] INFO  o.a.m.s.f.DefaultMavenResourcesFiltering - skip non existing resourceDirectory C:\Users\Dell\Desktop\QuantityMeasurementApp\quantity-measurement\src\test\resources
2026-02-20 22:33:37,165 [Worker-27: Building] INFO  o.a.m.s.f.DefaultMavenResourcesFiltering - skip non existing resourceDirectory C:\Users\Dell\Desktop\QuantityMeasurementApp\quantity-measurement\src\main\resources
2026-02-20 22:33:37,171 [Worker-27: Building] INFO  o.a.m.s.f.DefaultMavenResourcesFiltering - skip non existing resourceDirectory C:\Users\Dell\Desktop\QuantityMeasurementApp\quantity-measurement\src\test\resources
2026-02-23 21:40:22,392 [Worker-6: Loading available Gradle versions] INFO  o.e.b.c.i.u.g.PublishedGradleVersions - Gradle version information cache is out-of-date. Trying to update.
2026-02-23 21:45:43,082 [Worker-4: Loading available Gradle versions] INFO  o.e.b.c.i.u.g.PublishedGradleVersions - Gradle version information cache is up-to-date. Trying to read.
2026-02-23 21:46:43,305 [Worker-26: Launching QuantityMeasurementApp] INFO  o.a.m.s.f.DefaultMavenResourcesFiltering - skip non existing resourceDirectory C:\Users\Dell\Desktop\QuantityMeasurementApp\quantity-measurement\src\main\resources
2026-02-23 21:46:43,326 [Worker-26: Launching QuantityMeasurementApp] INFO  o.a.m.s.f.DefaultMavenResourcesFiltering - skip non existing resourceDirectory C:\Users\Dell\Desktop\QuantityMeasurementApp\quantity-measurement\src\test\resources
2026-02-23 21:47:54,158 [Worker-7: Building] INFO  o.a.m.s.f.DefaultMavenResourcesFiltering - skip non existing resourceDirectory C:\Users\Dell\Desktop\QuantityMeasurementApp\quantity-measurement\src\main\resources
2026-02-23 21:47:54,162 [Worker-7: Building] INFO  o.a.m.s.f.DefaultMavenResourcesFiltering - skip non existing resourceDirectory C:\Users\Dell\Desktop\QuantityMeasurementApp\quantity-measurement\src\test\resources
2026-02-23 21:48:18,893 [Worker-9: Building] INFO  o.a.m.s.f.DefaultMavenResourcesFiltering - skip non existing resourceDirectory C:\Users\Dell\Desktop\QuantityMeasurementApp\quantity-measurement\src\main\resources
2026-02-23 21:48:18,895 [Worker-9: Building] INFO  o.a.m.s.f.DefaultMavenResourcesFiltering - skip non existing resourceDirectory C:\Users\Dell\Desktop\QuantityMeasurementApp\quantity-measurement\src\test\resources
2026-02-23 21:52:03,123 [Worker-9: Building] INFO  o.a.m.s.f.DefaultMavenResourcesFiltering - skip non existing resourceDirectory C:\Users\Dell\Desktop\QuantityMeasurementApp\quantity-measurement\src\main\resources
2026-02-23 21:52:03,126 [Worker-9: Building] INFO  o.a.m.s.f.DefaultMavenResourcesFiltering - skip non existing resourceDirectory C:\Users\Dell\Desktop\QuantityMeasurementApp\quantity-measurement\src\test\resources
2026-02-23 21:52:25,063 [Worker-9: Building] INFO  o.a.m.s.f.DefaultMavenResourcesFiltering - skip non existing resourceDirectory C:\Users\Dell\Desktop\QuantityMeasurementApp\quantity-measurement\src\main\resources
2026-02-23 21:52:25,066 [Worker-9: Building] INFO  o.a.m.s.f.DefaultMavenResourcesFiltering - skip non existing resourceDirectory C:\Users\Dell\Desktop\QuantityMeasurementApp\quantity-measurement\src\test\resources
2026-02-27 11:04:25,965 [Worker-7: Loading available Gradle versions] INFO  o.e.b.c.i.u.g.PublishedGradleVersions - Gradle version information cache is out-of-date. Trying to update.
2026-02-27 11:04:32,928 [Worker-6: Building] INFO  o.a.m.s.f.DefaultMavenResourcesFiltering - skip non existing resourceDirectory C:\Users\Dell\Desktop\QuantityMeasurementApp\quantity-measurement\src\main\resources
2026-02-27 11:04:32,939 [Worker-6: Building] INFO  o.a.m.s.f.DefaultMavenResourcesFiltering - skip non existing resourceDirectory C:\Users\Dell\Desktop\QuantityMeasurementApp\quantity-measurement\src\test\resources
2026-02-27 11:21:47,391 [Worker-6: Loading available Gradle versions] INFO  o.e.b.c.i.u.g.PublishedGradleVersions - Gradle version information cache is up-to-date. Trying to read.
2026-02-27 11:27:51,664 [Worker-2: Loading available Gradle versions] INFO  o.e.b.c.i.u.g.PublishedGradleVersions - Gradle version information cache is up-to-date. Trying to read.
2026-02-27 11:28:48,398 [Worker-5: Loading available Gradle versions] INFO  o.e.b.c.i.u.g.PublishedGradleVersions - Gradle version information cache is up-to-date. Trying to read.
